LOG 2025/01/04
Save Path: f:\pari\personal-project\mylibrary\ddownloader\DDownloader\bin\Logs
Task Start: 2025/01/04 00:34:38
Task CommandLine: f:\pari\personal-project\mylibrary\ddownloader\DDownloader\bin\N_m3u8DL-RE.exe https://cdn.bitmovin.com/content/assets/art-of-motion_drm/mpds/11331.mpd --select-video BEST --select-audio BEST -mt -M format=mp4 --save-dir downloads --tmp-dir downloads --del-after-done --save-name bitmovin --key ccbf5fb4c2965be7aa130ffb3ba9fd73:9cc0c92044cb1d69433f5f5839a159df --key 9bf0e9cf0d7b55aeb4b289a63bab8610:90f52fd8ca48717b21d0c2fed7a12ae1 --key eb676abbcb345e96bbcf616630f1a3da:100b6c20940f779a4589152b57d2dacb --key 0294b9599d755de2bbf0fdca3fa5eab7:3bda2f40344c7def614227b9c0f03e26 --key 639da80cf23b55f3b8cab3f64cfa5df6:229f5f29b643e203004b30c4eaf348f4

00:34:38.268 INFO : N_m3u8DL-RE (Beta version) 20241203
00:34:38.269 EXTRA: ffmpeg => f:\pari\personal-project\mylibrary\ddownloader\DDownloader\bin\ffmpeg.exe
00:34:38.269 EXTRA: mp4decrypt => f:\pari\personal-project\mylibrary\ddownloader\DDownloader\bin\mp4decrypt.exe
00:34:38.270 INFO : Loading URL: https://cdn.bitmovin.com/content/assets/art-of-motion_drm/mpds/11331.mpd
00:34:38.334 WARN : Response status code does not indicate success: 429 (Too Many Requests). (1/10)
00:34:39.836 INFO : Loading URL: https://cdn.bitmovin.com/content/assets/art-of-motion_drm/mpds/11331.mpd
00:34:39.880 WARN : Response status code does not indicate success: 429 (Too Many Requests). (2/10)
00:34:41.475 INFO : Loading URL: https://cdn.bitmovin.com/content/assets/art-of-motion_drm/mpds/11331.mpd
00:34:41.526 WARN : Response status code does not indicate success: 429 (Too Many Requests). (3/10)
00:34:43.092 INFO : Loading URL: https://cdn.bitmovin.com/content/assets/art-of-motion_drm/mpds/11331.mpd
00:34:43.134 WARN : Response status code does not indicate success: 429 (Too Many Requests). (4/10)
00:34:44.703 INFO : Loading URL: https://cdn.bitmovin.com/content/assets/art-of-motion_drm/mpds/11331.mpd
00:34:44.746 WARN : Response status code does not indicate success: 429 (Too Many Requests). (5/10)
00:34:46.326 INFO : Loading URL: https://cdn.bitmovin.com/content/assets/art-of-motion_drm/mpds/11331.mpd
00:34:46.378 WARN : Response status code does not indicate success: 429 (Too Many Requests). (6/10)
00:34:47.879 INFO : Loading URL: https://cdn.bitmovin.com/content/assets/art-of-motion_drm/mpds/11331.mpd
00:34:47.923 WARN : Response status code does not indicate success: 429 (Too Many Requests). (7/10)
00:34:49.436 INFO : Loading URL: https://cdn.bitmovin.com/content/assets/art-of-motion_drm/mpds/11331.mpd
00:34:49.494 WARN : Response status code does not indicate success: 429 (Too Many Requests). (8/10)
00:34:51.003 INFO : Loading URL: https://cdn.bitmovin.com/content/assets/art-of-motion_drm/mpds/11331.mpd
00:34:51.049 WARN : Response status code does not indicate success: 429 (Too Many Requests). (9/10)
00:34:52.563 INFO : Loading URL: https://cdn.bitmovin.com/content/assets/art-of-motion_drm/mpds/11331.mpd
00:34:52.604 WARN : Response status code does not indicate success: 429 (Too Many Requests). (10/10)
00:34:54.134 ERROR: Failed to execute action after 10 retries.
