LOG 2025/01/04
Save Path: F:\Pari\PERSONAL-PROJECT\MyLibrary\DDownloader\DDownloader\bin\Logs
Task Start: 2025/01/04 00:19:15
Task CommandLine: F:\Pari\PERSONAL-PROJECT\MyLibrary\DDownloader\DDownloader\bin\N_m3u8DL-RE.exe https://cdn.bitmovin.com/content/assets/art-of-motion_drm/mpds/11331.mpd --auto-select -mt -M format=mp4 --save-dir downloads --tmp-dir downloads --save-name bitmovin --key ccbf5fb4c2965be7aa130ffb3ba9fd73:9cc0c92044cb1d69433f5f5839a159df --key 9bf0e9cf0d7b55aeb4b289a63bab8610:90f52fd8ca48717b21d0c2fed7a12ae1 --key eb676abbcb345e96bbcf616630f1a3da:100b6c20940f779a4589152b57d2dacb --key 0294b9599d755de2bbf0fdca3fa5eab7:3bda2f40344c7def614227b9c0f03e26 --key 639da80cf23b55f3b8cab3f64cfa5df6:229f5f29b643e203004b30c4eaf348f4

00:19:15.943 INFO : N_m3u8DL-RE (Beta version) 20241203
00:19:15.952 EXTRA: ffmpeg => F:\Pari\PERSONAL-PROJECT\MyLibrary\DDownloader\DDownloader\bin\ffmpeg.exe
00:19:15.953 EXTRA: mp4decrypt => F:\Pari\PERSONAL-PROJECT\MyLibrary\DDownloader\DDownloader\bin\mp4decrypt.exe
00:19:15.953 INFO : Loading URL: https://cdn.bitmovin.com/content/assets/art-of-motion_drm/mpds/11331.mpd
00:19:16.038 INFO : Content Matched: Dynamic Adaptive Streaming over HTTP
00:19:16.060 INFO : Parsing streams...
00:19:16.061 INFO : Match bitmovin!
00:19:16.068 WARN : Writing meta json
00:19:16.088 INFO : Extracted, there are 7 streams, with 6 basic streams, 1 audio streams, 0 subtitle streams
00:19:16.089 INFO : Vid *CENC 1920x1080 | 4800 Kbps | 1080_4800000 | avc1.42c00d | 53 Segments | ~03m32s
00:19:16.089 INFO : Vid *CENC 1280x720 | 2400 Kbps | 720_2400000 | avc1.42c00d | 53 Segments | ~03m32s
00:19:16.090 INFO : Vid *CENC 960x540 | 1200 Kbps | 540_1200000 | avc1.42c00d | 53 Segments | ~03m32s
00:19:16.091 INFO : Vid *CENC 640x360 | 800 Kbps | 360_800000 | avc1.42c00d | 53 Segments | ~03m32s
00:19:16.092 INFO : Vid *CENC 480x270 | 400 Kbps | 270_400000 | avc1.42c00d | 53 Segments | ~03m32s
00:19:16.092 INFO : Vid *CENC 320x180 | 250 Kbps | 180_250000 | avc1.42c00d | 53 Segments | ~03m32s
00:19:16.093 INFO : Aud *CENC 1_stereo_192000 | 192 Kbps | mp4a.40.2 | en | 2CH | 53 Segments | ~03m31s
00:19:16.093 INFO : Parsing streams...
00:19:16.095 INFO : Selected streams:
00:19:16.096 INFO : Vid *CENC 1920x1080 | 4800 Kbps | 1080_4800000 | avc1.42c00d | 53 Segments | ~03m32s
00:19:16.097 INFO : Aud *CENC 1_stereo_192000 | 192 Kbps | mp4a.40.2 | en | 2CH | 53 Segments | ~03m31s
00:19:16.098 WARN : Writing meta json
00:19:16.100 INFO : Save Name: bitmovin
00:19:16.101 WARN : MuxAfterDone is detected, binary merging is automatically enabled
00:19:16.103 INFO : Start downloading...Aud 1_stereo_192000 | 192 Kbps | mp4a.40.2 | en | 2CH
00:19:16.103 INFO : Start downloading...Vid 1920x1080 | 4800 Kbps | 1080_4800000 | avc1.42c00d
00:19:16.346 WARN : Type: cenc
00:19:16.348 WARN : PSSH(WV): CAESEOtnarvLNF6Wu89hZjDxo9oaDXdpZGV2aW5lX3Rlc3QiEGZrajNsamFTZGZhbGtyM2oqAkhEMgA=
00:19:16.349 WARN : KID: eb676abbcb345e96bbcf616630f1a3da
00:19:16.351 WARN : Reading media info...
00:19:16.467 WARN : Type: cenc
00:19:16.474 WARN : PSSH(WV): CAESEOtnarvLNF6Wu89hZjDxo9oaDXdpZGV2aW5lX3Rlc3QiEGZrajNsamFTZGZhbGtyM2oqAkhEMgA=
00:19:16.475 WARN : KID: eb676abbcb345e96bbcf616630f1a3da
00:19:16.476 WARN : Reading media info...
00:19:16.806 INFO : [0x1]: Video, h264 (avc1), 1920x1080
00:19:16.806 INFO : [0x1]: Audio, aac (mp4a), 189 kb/s
00:19:18.818 INFO : Binary merging...
00:19:18.884 WARN : Type: cenc
00:19:18.886 WARN : PSSH(WV): CAESEOtnarvLNF6Wu89hZjDxo9oaDXdpZGV2aW5lX3Rlc3QiEGZrajNsamFTZGZhbGtyM2oqAkhEMgA=
00:19:18.887 WARN : KID: eb676abbcb345e96bbcf616630f1a3da
00:19:18.888 INFO : Decrypting using MP4DECRYPT...
00:19:26.390 EXTRA: Ah oh!
RetryCount => 3
Exception  => Response status code does not indicate success: 429 (Too Many Requests).
Url        => https://cdn.bitmovin.com/content/assets/art-of-motion_drm/video/1080_4800000/cenc_dash/segment_44.m4s
00:19:26.658 EXTRA: Ah oh!
RetryCount => 3
Exception  => Response status code does not indicate success: 429 (Too Many Requests).
Url        => https://cdn.bitmovin.com/content/assets/art-of-motion_drm/video/1080_4800000/cenc_dash/segment_45.m4s
00:19:26.723 EXTRA: Ah oh!
RetryCount => 3
Exception  => Response status code does not indicate success: 429 (Too Many Requests).
Url        => https://cdn.bitmovin.com/content/assets/art-of-motion_drm/video/1080_4800000/cenc_dash/segment_46.m4s
00:19:26.914 EXTRA: Ah oh!
RetryCount => 3
Exception  => Response status code does not indicate success: 429 (Too Many Requests).
Url        => https://cdn.bitmovin.com/content/assets/art-of-motion_drm/video/1080_4800000/cenc_dash/segment_47.m4s
00:19:27.262 EXTRA: Ah oh!
RetryCount => 3
Exception  => Response status code does not indicate success: 429 (Too Many Requests).
Url        => https://cdn.bitmovin.com/content/assets/art-of-motion_drm/video/1080_4800000/cenc_dash/segment_49.m4s
00:19:27.264 EXTRA: Ah oh!
RetryCount => 3
Exception  => Response status code does not indicate success: 429 (Too Many Requests).
Url        => https://cdn.bitmovin.com/content/assets/art-of-motion_drm/video/1080_4800000/cenc_dash/segment_48.m4s
00:19:27.300 EXTRA: Ah oh!
RetryCount => 3
Exception  => Response status code does not indicate success: 429 (Too Many Requests).
Url        => https://cdn.bitmovin.com/content/assets/art-of-motion_drm/video/1080_4800000/cenc_dash/segment_50.m4s
00:19:27.416 EXTRA: Ah oh!
RetryCount => 3
Exception  => Response status code does not indicate success: 429 (Too Many Requests).
Url        => https://cdn.bitmovin.com/content/assets/art-of-motion_drm/video/1080_4800000/cenc_dash/segment_51.m4s
00:19:27.420 EXTRA: Ah oh!
RetryCount => 2
Exception  => Response status code does not indicate success: 429 (Too Many Requests).
Url        => https://cdn.bitmovin.com/content/assets/art-of-motion_drm/video/1080_4800000/cenc_dash/segment_44.m4s
00:19:27.454 EXTRA: Ah oh!
RetryCount => 3
Exception  => Response status code does not indicate success: 429 (Too Many Requests).
Url        => https://cdn.bitmovin.com/content/assets/art-of-motion_drm/video/1080_4800000/cenc_dash/segment_52.m4s
00:19:27.682 EXTRA: Ah oh!
RetryCount => 2
Exception  => Response status code does not indicate success: 429 (Too Many Requests).
Url        => https://cdn.bitmovin.com/content/assets/art-of-motion_drm/video/1080_4800000/cenc_dash/segment_45.m4s
00:19:27.740 EXTRA: Ah oh!
RetryCount => 2
Exception  => Response status code does not indicate success: 429 (Too Many Requests).
Url        => https://cdn.bitmovin.com/content/assets/art-of-motion_drm/video/1080_4800000/cenc_dash/segment_46.m4s
00:19:27.945 EXTRA: Ah oh!
RetryCount => 2
Exception  => Response status code does not indicate success: 429 (Too Many Requests).
Url        => https://cdn.bitmovin.com/content/assets/art-of-motion_drm/video/1080_4800000/cenc_dash/segment_47.m4s
00:19:28.302 EXTRA: Ah oh!
RetryCount => 2
Exception  => Response status code does not indicate success: 429 (Too Many Requests).
Url        => https://cdn.bitmovin.com/content/assets/art-of-motion_drm/video/1080_4800000/cenc_dash/segment_49.m4s
00:19:28.308 EXTRA: Ah oh!
RetryCount => 2
Exception  => Response status code does not indicate success: 429 (Too Many Requests).
Url        => https://cdn.bitmovin.com/content/assets/art-of-motion_drm/video/1080_4800000/cenc_dash/segment_48.m4s
00:19:28.318 EXTRA: Ah oh!
RetryCount => 2
Exception  => Response status code does not indicate success: 429 (Too Many Requests).
Url        => https://cdn.bitmovin.com/content/assets/art-of-motion_drm/video/1080_4800000/cenc_dash/segment_50.m4s
00:19:28.442 EXTRA: Ah oh!
RetryCount => 1
Exception  => Response status code does not indicate success: 429 (Too Many Requests).
Url        => https://cdn.bitmovin.com/content/assets/art-of-motion_drm/video/1080_4800000/cenc_dash/segment_44.m4s
00:19:28.442 EXTRA: Ah oh!
RetryCount => 2
Exception  => Response status code does not indicate success: 429 (Too Many Requests).
Url        => https://cdn.bitmovin.com/content/assets/art-of-motion_drm/video/1080_4800000/cenc_dash/segment_51.m4s
00:19:28.480 EXTRA: Ah oh!
RetryCount => 2
Exception  => Response status code does not indicate success: 429 (Too Many Requests).
Url        => https://cdn.bitmovin.com/content/assets/art-of-motion_drm/video/1080_4800000/cenc_dash/segment_52.m4s
00:19:28.708 EXTRA: Ah oh!
RetryCount => 1
Exception  => Response status code does not indicate success: 429 (Too Many Requests).
Url        => https://cdn.bitmovin.com/content/assets/art-of-motion_drm/video/1080_4800000/cenc_dash/segment_45.m4s
00:19:28.755 EXTRA: Ah oh!
RetryCount => 1
Exception  => Response status code does not indicate success: 429 (Too Many Requests).
Url        => https://cdn.bitmovin.com/content/assets/art-of-motion_drm/video/1080_4800000/cenc_dash/segment_46.m4s
00:19:28.988 EXTRA: Ah oh!
RetryCount => 1
Exception  => Response status code does not indicate success: 429 (Too Many Requests).
Url        => https://cdn.bitmovin.com/content/assets/art-of-motion_drm/video/1080_4800000/cenc_dash/segment_47.m4s
00:19:29.333 EXTRA: Ah oh!
RetryCount => 1
Exception  => Response status code does not indicate success: 429 (Too Many Requests).
Url        => https://cdn.bitmovin.com/content/assets/art-of-motion_drm/video/1080_4800000/cenc_dash/segment_49.m4s
00:19:29.426 EXTRA: Ah oh!
RetryCount => 1
Exception  => Response status code does not indicate success: 429 (Too Many Requests).
Url        => https://cdn.bitmovin.com/content/assets/art-of-motion_drm/video/1080_4800000/cenc_dash/segment_50.m4s
00:19:29.442 EXTRA: Ah oh!
RetryCount => 1
Exception  => Response status code does not indicate success: 429 (Too Many Requests).
Url        => https://cdn.bitmovin.com/content/assets/art-of-motion_drm/video/1080_4800000/cenc_dash/segment_48.m4s
00:19:29.458 EXTRA: Ah oh!
RetryCount => 1
Exception  => Response status code does not indicate success: 429 (Too Many Requests).
Url        => https://cdn.bitmovin.com/content/assets/art-of-motion_drm/video/1080_4800000/cenc_dash/segment_51.m4s
00:19:29.458 EXTRA: Ah oh!
RetryCount => 0
Exception  => Response status code does not indicate success: 429 (Too Many Requests).
Url        => https://cdn.bitmovin.com/content/assets/art-of-motion_drm/video/1080_4800000/cenc_dash/segment_44.m4s
00:19:29.459 EXTRA: The retry attempts have been exhausted and the download of this segment has failed.
Exception  => Response status code does not indicate success: 429 (Too Many Requests).
Url        => https://cdn.bitmovin.com/content/assets/art-of-motion_drm/video/1080_4800000/cenc_dash/segment_44.m4s
00:19:29.459 WARN : Response status code does not indicate success: 429 (Too Many Requests).
00:19:29.504 EXTRA: Ah oh!
RetryCount => 1
Exception  => Response status code does not indicate success: 429 (Too Many Requests).
Url        => https://cdn.bitmovin.com/content/assets/art-of-motion_drm/video/1080_4800000/cenc_dash/segment_52.m4s
00:19:29.737 EXTRA: Ah oh!
RetryCount => 0
Exception  => Response status code does not indicate success: 429 (Too Many Requests).
Url        => https://cdn.bitmovin.com/content/assets/art-of-motion_drm/video/1080_4800000/cenc_dash/segment_45.m4s
00:19:29.738 EXTRA: The retry attempts have been exhausted and the download of this segment has failed.
Exception  => Response status code does not indicate success: 429 (Too Many Requests).
Url        => https://cdn.bitmovin.com/content/assets/art-of-motion_drm/video/1080_4800000/cenc_dash/segment_45.m4s
00:19:29.738 WARN : Response status code does not indicate success: 429 (Too Many Requests).
00:19:29.861 EXTRA: Ah oh!
RetryCount => 0
Exception  => Response status code does not indicate success: 429 (Too Many Requests).
Url        => https://cdn.bitmovin.com/content/assets/art-of-motion_drm/video/1080_4800000/cenc_dash/segment_46.m4s
00:19:29.871 EXTRA: The retry attempts have been exhausted and the download of this segment has failed.
Exception  => Response status code does not indicate success: 429 (Too Many Requests).
Url        => https://cdn.bitmovin.com/content/assets/art-of-motion_drm/video/1080_4800000/cenc_dash/segment_46.m4s
00:19:29.871 WARN : Response status code does not indicate success: 429 (Too Many Requests).
00:19:30.016 EXTRA: Ah oh!
RetryCount => 0
Exception  => Response status code does not indicate success: 429 (Too Many Requests).
Url        => https://cdn.bitmovin.com/content/assets/art-of-motion_drm/video/1080_4800000/cenc_dash/segment_47.m4s
00:19:30.016 EXTRA: The retry attempts have been exhausted and the download of this segment has failed.
Exception  => Response status code does not indicate success: 429 (Too Many Requests).
Url        => https://cdn.bitmovin.com/content/assets/art-of-motion_drm/video/1080_4800000/cenc_dash/segment_47.m4s
00:19:30.017 WARN : Response status code does not indicate success: 429 (Too Many Requests).
00:19:30.358 EXTRA: Ah oh!
RetryCount => 0
Exception  => Response status code does not indicate success: 429 (Too Many Requests).
Url        => https://cdn.bitmovin.com/content/assets/art-of-motion_drm/video/1080_4800000/cenc_dash/segment_49.m4s
00:19:30.359 EXTRA: The retry attempts have been exhausted and the download of this segment has failed.
Exception  => Response status code does not indicate success: 429 (Too Many Requests).
Url        => https://cdn.bitmovin.com/content/assets/art-of-motion_drm/video/1080_4800000/cenc_dash/segment_49.m4s
00:19:30.360 WARN : Response status code does not indicate success: 429 (Too Many Requests).
00:19:30.467 EXTRA: Ah oh!
RetryCount => 0
Exception  => Response status code does not indicate success: 429 (Too Many Requests).
Url        => https://cdn.bitmovin.com/content/assets/art-of-motion_drm/video/1080_4800000/cenc_dash/segment_48.m4s
00:19:30.467 EXTRA: Ah oh!
RetryCount => 0
Exception  => Response status code does not indicate success: 429 (Too Many Requests).
Url        => https://cdn.bitmovin.com/content/assets/art-of-motion_drm/video/1080_4800000/cenc_dash/segment_50.m4s
00:19:30.468 EXTRA: The retry attempts have been exhausted and the download of this segment has failed.
Exception  => Response status code does not indicate success: 429 (Too Many Requests).
Url        => https://cdn.bitmovin.com/content/assets/art-of-motion_drm/video/1080_4800000/cenc_dash/segment_48.m4s
00:19:30.468 EXTRA: The retry attempts have been exhausted and the download of this segment has failed.
Exception  => Response status code does not indicate success: 429 (Too Many Requests).
Url        => https://cdn.bitmovin.com/content/assets/art-of-motion_drm/video/1080_4800000/cenc_dash/segment_50.m4s
00:19:30.469 WARN : Response status code does not indicate success: 429 (Too Many Requests).
00:19:30.469 WARN : Response status code does not indicate success: 429 (Too Many Requests).
00:19:30.498 EXTRA: Ah oh!
RetryCount => 0
Exception  => Response status code does not indicate success: 429 (Too Many Requests).
Url        => https://cdn.bitmovin.com/content/assets/art-of-motion_drm/video/1080_4800000/cenc_dash/segment_51.m4s
00:19:30.499 EXTRA: The retry attempts have been exhausted and the download of this segment has failed.
Exception  => Response status code does not indicate success: 429 (Too Many Requests).
Url        => https://cdn.bitmovin.com/content/assets/art-of-motion_drm/video/1080_4800000/cenc_dash/segment_51.m4s
00:19:30.500 WARN : Response status code does not indicate success: 429 (Too Many Requests).
00:19:30.545 EXTRA: Ah oh!
RetryCount => 0
Exception  => Response status code does not indicate success: 429 (Too Many Requests).
Url        => https://cdn.bitmovin.com/content/assets/art-of-motion_drm/video/1080_4800000/cenc_dash/segment_52.m4s
00:19:30.546 EXTRA: The retry attempts have been exhausted and the download of this segment has failed.
Exception  => Response status code does not indicate success: 429 (Too Many Requests).
Url        => https://cdn.bitmovin.com/content/assets/art-of-motion_drm/video/1080_4800000/cenc_dash/segment_52.m4s
00:19:30.547 WARN : Response status code does not indicate success: 429 (Too Many Requests).
00:19:30.548 ERROR: Segment count check not pass, total: 54, downloaded: 45.
00:19:30.550 ERROR: Failed
