LOG 2025/01/04
Save Path: F:\pari\personal-project\mylibrary\ddownloader\DDownloader\bin\Logs
Task Start: 2025/01/04 00:36:50
Task CommandLine: F:\pari\personal-project\mylibrary\ddownloader\DDownloader\bin\N_m3u8DL-RE.exe https://cdn.bitmovin.com/content/assets/art-of-motion_drm/mpds/11331.mpd --select-video BEST --select-audio BEST -mt -M format=mp4 --save-dir downloads --tmp-dir downloads --del-after-done --save-name bitmovin --key ccbf5fb4c2965be7aa130ffb3ba9fd73:9cc0c92044cb1d69433f5f5839a159df --key 9bf0e9cf0d7b55aeb4b289a63bab8610:90f52fd8ca48717b21d0c2fed7a12ae1 --key eb676abbcb345e96bbcf616630f1a3da:100b6c20940f779a4589152b57d2dacb --key 0294b9599d755de2bbf0fdca3fa5eab7:3bda2f40344c7def614227b9c0f03e26 --key 639da80cf23b55f3b8cab3f64cfa5df6:229f5f29b643e203004b30c4eaf348f4

00:36:51.275 INFO : N_m3u8DL-RE (Beta version) 20241203
00:36:51.277 EXTRA: ffmpeg => F:\pari\personal-project\mylibrary\ddownloader\DDownloader\bin\ffmpeg.exe
00:36:51.278 EXTRA: mp4decrypt => F:\pari\personal-project\mylibrary\ddownloader\DDownloader\bin\mp4decrypt.exe
00:36:51.278 INFO : Loading URL: https://cdn.bitmovin.com/content/assets/art-of-motion_drm/mpds/11331.mpd
00:36:51.325 WARN : Response status code does not indicate success: 429 (Too Many Requests). (1/10)
00:36:52.836 INFO : Loading URL: https://cdn.bitmovin.com/content/assets/art-of-motion_drm/mpds/11331.mpd
00:36:52.883 WARN : Response status code does not indicate success: 429 (Too Many Requests). (2/10)
00:36:54.391 INFO : Loading URL: https://cdn.bitmovin.com/content/assets/art-of-motion_drm/mpds/11331.mpd
00:36:54.439 WARN : Response status code does not indicate success: 429 (Too Many Requests). (3/10)
00:36:55.939 INFO : Loading URL: https://cdn.bitmovin.com/content/assets/art-of-motion_drm/mpds/11331.mpd
00:36:55.987 WARN : Response status code does not indicate success: 429 (Too Many Requests). (4/10)
00:36:57.558 INFO : Loading URL: https://cdn.bitmovin.com/content/assets/art-of-motion_drm/mpds/11331.mpd
00:36:57.603 WARN : Response status code does not indicate success: 429 (Too Many Requests). (5/10)
00:36:59.181 INFO : Loading URL: https://cdn.bitmovin.com/content/assets/art-of-motion_drm/mpds/11331.mpd
00:36:59.235 WARN : Response status code does not indicate success: 429 (Too Many Requests). (6/10)
00:37:00.861 INFO : Loading URL: https://cdn.bitmovin.com/content/assets/art-of-motion_drm/mpds/11331.mpd
00:37:00.908 WARN : Response status code does not indicate success: 429 (Too Many Requests). (7/10)
00:37:02.476 INFO : Loading URL: https://cdn.bitmovin.com/content/assets/art-of-motion_drm/mpds/11331.mpd
00:37:02.528 WARN : Response status code does not indicate success: 429 (Too Many Requests). (8/10)
00:37:04.104 INFO : Loading URL: https://cdn.bitmovin.com/content/assets/art-of-motion_drm/mpds/11331.mpd
00:37:04.147 WARN : Response status code does not indicate success: 429 (Too Many Requests). (9/10)
00:37:05.722 INFO : Loading URL: https://cdn.bitmovin.com/content/assets/art-of-motion_drm/mpds/11331.mpd
00:37:05.762 WARN : Response status code does not indicate success: 429 (Too Many Requests). (10/10)
00:37:07.343 ERROR: Failed to execute action after 10 retries.
