LOG 2025/01/04
Save Path: f:\pari\personal-project\mylibrary\ddownloader\DDownloader\bin\Logs
Task Start: 2025/01/04 00:36:01
Task CommandLine: f:\pari\personal-project\mylibrary\ddownloader\DDownloader\bin\N_m3u8DL-RE.exe https://cdn.bitmovin.com/content/assets/art-of-motion_drm/mpds/11331.mpd --select-video BEST --select-audio BEST -mt -M format=mp4 --save-dir downloads --tmp-dir downloads --del-after-done --save-name bitmovin --key ccbf5fb4c2965be7aa130ffb3ba9fd73:9cc0c92044cb1d69433f5f5839a159df --key 9bf0e9cf0d7b55aeb4b289a63bab8610:90f52fd8ca48717b21d0c2fed7a12ae1 --key eb676abbcb345e96bbcf616630f1a3da:100b6c20940f779a4589152b57d2dacb --key 0294b9599d755de2bbf0fdca3fa5eab7:3bda2f40344c7def614227b9c0f03e26 --key 639da80cf23b55f3b8cab3f64cfa5df6:229f5f29b643e203004b30c4eaf348f4

00:36:01.782 INFO : N_m3u8DL-RE (Beta version) 20241203
00:36:01.783 EXTRA: ffmpeg => f:\pari\personal-project\mylibrary\ddownloader\DDownloader\bin\ffmpeg.exe
00:36:01.784 EXTRA: mp4decrypt => f:\pari\personal-project\mylibrary\ddownloader\DDownloader\bin\mp4decrypt.exe
00:36:01.784 INFO : Loading URL: https://cdn.bitmovin.com/content/assets/art-of-motion_drm/mpds/11331.mpd
00:36:01.856 WARN : Response status code does not indicate success: 429 (Too Many Requests). (1/10)
00:36:03.361 INFO : Loading URL: https://cdn.bitmovin.com/content/assets/art-of-motion_drm/mpds/11331.mpd
00:36:03.403 WARN : Response status code does not indicate success: 429 (Too Many Requests). (2/10)
00:36:04.979 INFO : Loading URL: https://cdn.bitmovin.com/content/assets/art-of-motion_drm/mpds/11331.mpd
00:36:05.034 WARN : Response status code does not indicate success: 429 (Too Many Requests). (3/10)
00:36:06.598 INFO : Loading URL: https://cdn.bitmovin.com/content/assets/art-of-motion_drm/mpds/11331.mpd
00:36:06.640 WARN : Response status code does not indicate success: 429 (Too Many Requests). (4/10)
00:36:08.204 INFO : Loading URL: https://cdn.bitmovin.com/content/assets/art-of-motion_drm/mpds/11331.mpd
00:36:08.254 WARN : Response status code does not indicate success: 429 (Too Many Requests). (5/10)
00:36:09.828 INFO : Loading URL: https://cdn.bitmovin.com/content/assets/art-of-motion_drm/mpds/11331.mpd
00:36:09.868 WARN : Response status code does not indicate success: 429 (Too Many Requests). (6/10)
00:36:11.452 INFO : Loading URL: https://cdn.bitmovin.com/content/assets/art-of-motion_drm/mpds/11331.mpd
00:36:11.501 WARN : Response status code does not indicate success: 429 (Too Many Requests). (7/10)
00:36:13.060 INFO : Loading URL: https://cdn.bitmovin.com/content/assets/art-of-motion_drm/mpds/11331.mpd
00:36:13.111 WARN : Response status code does not indicate success: 429 (Too Many Requests). (8/10)
00:36:14.683 INFO : Loading URL: https://cdn.bitmovin.com/content/assets/art-of-motion_drm/mpds/11331.mpd
00:36:14.730 WARN : Response status code does not indicate success: 429 (Too Many Requests). (9/10)
00:36:16.302 INFO : Loading URL: https://cdn.bitmovin.com/content/assets/art-of-motion_drm/mpds/11331.mpd
00:36:16.343 WARN : Response status code does not indicate success: 429 (Too Many Requests). (10/10)
00:36:17.924 ERROR: Failed to execute action after 10 retries.
