LOG 2025/01/04
Save Path: f:\pari\personal-project\mylibrary\ddownloader\DDownloader\bin\Logs
Task Start: 2025/01/04 00:43:18
Task CommandLine: f:\pari\personal-project\mylibrary\ddownloader\DDownloader\bin\N_m3u8DL-RE.exe https://web.hypp.tv/88888888/16/20241024/268876761/268876761.mpd?allcentermount=5:1000002

00:43:18.385 INFO : N_m3u8DL-RE (Beta version) 20241203
00:43:18.386 EXTRA: ffmpeg => f:\pari\personal-project\mylibrary\ddownloader\DDownloader\bin\ffmpeg.exe
00:43:18.387 INFO : Loading URL: https://web.hypp.tv/88888888/16/20241024/268876761/268876761.mpd?allcentermount=5:1000002
00:43:18.451 EXTRA: Redirected => https://pop28clustera00de08172376d246317c.hypp.tv/88888888/16/20241024/268876761/268876761.mpd?allcentermount=5:1000002&icpid=88888888&from=28&hms_devid=1885&mag_hms=1885
00:43:18.496 WARN : Response status code does not indicate success: 403 (Forbidden). (1/10)
00:43:19.997 INFO : Loading URL: https://web.hypp.tv/88888888/16/20241024/268876761/268876761.mpd?allcentermount=5:1000002
00:43:20.007 EXTRA: Redirected => https://pop28clustera00de08172376d246317c.hypp.tv/88888888/16/20241024/268876761/268876761.mpd?allcentermount=5:1000002&icpid=88888888&from=28&hms_devid=1885&mag_hms=1885
00:43:20.034 WARN : Response status code does not indicate success: 403 (Forbidden). (2/10)
00:43:21.544 INFO : Loading URL: https://web.hypp.tv/88888888/16/20241024/268876761/268876761.mpd?allcentermount=5:1000002
00:43:21.555 EXTRA: Redirected => https://pop28clustera00de08172376d246317c.hypp.tv/88888888/16/20241024/268876761/268876761.mpd?allcentermount=5:1000002&icpid=88888888&from=28&hms_devid=1885&mag_hms=1885
00:43:21.670 WARN : Response status code does not indicate success: 403 (Forbidden). (3/10)
00:43:23.170 INFO : Loading URL: https://web.hypp.tv/88888888/16/20241024/268876761/268876761.mpd?allcentermount=5:1000002
00:43:23.181 EXTRA: Redirected => https://pop28clustera00de08172376d246317c.hypp.tv/88888888/16/20241024/268876761/268876761.mpd?allcentermount=5:1000002&icpid=88888888&from=28&hms_devid=1885&mag_hms=1885
00:43:23.295 WARN : Response status code does not indicate success: 403 (Forbidden). (4/10)
00:43:24.815 INFO : Loading URL: https://web.hypp.tv/88888888/16/20241024/268876761/268876761.mpd?allcentermount=5:1000002
00:43:24.825 EXTRA: Redirected => https://pop28clustera00de08172376d246317c.hypp.tv/88888888/16/20241024/268876761/268876761.mpd?allcentermount=5:1000002&icpid=88888888&from=28&hms_devid=1885&mag_hms=1885
00:43:24.837 WARN : Response status code does not indicate success: 403 (Forbidden). (5/10)
00:43:26.451 INFO : Loading URL: https://web.hypp.tv/88888888/16/20241024/268876761/268876761.mpd?allcentermount=5:1000002
00:43:26.462 EXTRA: Redirected => https://pop28clustera00de08172376d246317c.hypp.tv/88888888/16/20241024/268876761/268876761.mpd?allcentermount=5:1000002&icpid=88888888&from=28&hms_devid=1885&mag_hms=1885
00:43:26.473 WARN : Response status code does not indicate success: 403 (Forbidden). (6/10)
00:43:28.089 INFO : Loading URL: https://web.hypp.tv/88888888/16/20241024/268876761/268876761.mpd?allcentermount=5:1000002
00:43:28.101 EXTRA: Redirected => https://pop28clustera00de08172376d246317c.hypp.tv/88888888/16/20241024/268876761/268876761.mpd?allcentermount=5:1000002&icpid=88888888&from=28&hms_devid=1885&mag_hms=1885
00:43:28.112 WARN : Response status code does not indicate success: 403 (Forbidden). (7/10)
00:43:29.612 INFO : Loading URL: https://web.hypp.tv/88888888/16/20241024/268876761/268876761.mpd?allcentermount=5:1000002
00:43:29.623 EXTRA: Redirected => https://pop28clustera00de08172376d246317c.hypp.tv/88888888/16/20241024/268876761/268876761.mpd?allcentermount=5:1000002&icpid=88888888&from=28&hms_devid=1885&mag_hms=1885
00:43:29.742 WARN : Response status code does not indicate success: 403 (Forbidden). (8/10)
00:43:31.249 INFO : Loading URL: https://web.hypp.tv/88888888/16/20241024/268876761/268876761.mpd?allcentermount=5:1000002
00:43:31.261 EXTRA: Redirected => https://pop28clustera00de08172376d246317c.hypp.tv/88888888/16/20241024/268876761/268876761.mpd?allcentermount=5:1000002&icpid=88888888&from=28&hms_devid=1885&mag_hms=1885
00:43:31.376 WARN : Response status code does not indicate success: 403 (Forbidden). (9/10)
00:43:32.887 INFO : Loading URL: https://web.hypp.tv/88888888/16/20241024/268876761/268876761.mpd?allcentermount=5:1000002
00:43:32.899 EXTRA: Redirected => https://pop28clustera00de08172376d246317c.hypp.tv/88888888/16/20241024/268876761/268876761.mpd?allcentermount=5:1000002&icpid=88888888&from=28&hms_devid=1885&mag_hms=1885
00:43:33.012 WARN : Response status code does not indicate success: 403 (Forbidden). (10/10)
00:43:34.523 ERROR: Failed to execute action after 10 retries.
